android/app/build/intermediates/manifest_merge_blame_file/debug/processDebugMainManifest/manifest-merger-blame-debug-report.txt
1<?xml version="1.0" encoding="utf-8"?>
2<manifest xmlns:android="http://schemas.android.com/apk/res/android"
3    package="com.marcaelistadecompras"
4    android:versionCode="1"
5    android:versionName="1.0" >
6
7    <uses-sdk
8        android:minSdkVersion="23"
9        android:targetSdkVersion="34" />
10
11    <uses-permission android:name="android.permission.INTERNET" />
11-->src/main/AndroidManifest.xml:3:5-67
11-->src/main/AndroidManifest.xml:3:22-64
12    <uses-permission android:name="android.permission.VIBRATE" />
12-->src/main/AndroidManifest.xml:4:5-66
12-->src/main/AndroidManifest.xml:4:22-63
13    <uses-permission android:name="android.permission.WAKE_LOCK" />
13-->[:react-native-google-mobile-ads] AndroidManifest.xml:8:5-68
13-->[:react-native-google-mobile-ads] AndroidManifest.xml:8:22-65
14    <uses-permission android:name="android.permission.ACCESS_NETWORK_STATE" />
14-->[:react-native-google-mobile-ads] AndroidManifest.xml:9:5-79
14-->[:react-native-google-mobile-ads] AndroidManifest.xml:9:22-76
15    <!--
16    This manifest file is used only by Gradle to configure debug-only capabilities
17    for React Native Apps.
18    -->
19    <uses-permission android:name="android.permission.SYSTEM_ALERT_WINDOW" />
19-->[com.facebook.react:react-android:0.75.4] AndroidManifest.xml:16:5-78
19-->[com.facebook.react:react-android:0.75.4] AndroidManifest.xml:16:22-75
20    <uses-permission android:name="com.google.android.gms.permission.AD_ID" />
20-->[com.google.android.gms:play-services-ads-lite:23.2.0] AndroidManifest.xml:26:5-79
20-->[com.google.android.gms:play-services-ads-lite:23.2.0] AndroidManifest.xml:26:22-76
21    <uses-permission android:name="android.permission.ACCESS_ADSERVICES_AD_ID" />
21-->[com.google.android.gms:play-services-ads-lite:23.2.0] AndroidManifest.xml:27:5-82
21-->[com.google.android.gms:play-services-ads-lite:23.2.0] AndroidManifest.xml:27:22-79
22    <uses-permission android:name="android.permission.ACCESS_ADSERVICES_ATTRIBUTION" />
22-->[com.google.android.gms:play-services-ads-lite:23.2.0] AndroidManifest.xml:28:5-88
22-->[com.google.android.gms:play-services-ads-lite:23.2.0] AndroidManifest.xml:28:22-85
23    <uses-permission android:name="android.permission.ACCESS_ADSERVICES_TOPICS" /> <!-- Android package visibility setting -->
23-->[com.google.android.gms:play-services-ads-lite:23.2.0] AndroidManifest.xml:29:5-83
23-->[com.google.android.gms:play-services-ads-lite:23.2.0] AndroidManifest.xml:29:22-80
24    <queries>
24-->[com.google.android.gms:play-services-ads-lite:23.2.0] AndroidManifest.xml:35:5-51:15
25
26        <!-- For browser content -->
27        <intent>
27-->[com.google.android.gms:play-services-ads-lite:23.2.0] AndroidManifest.xml:38:9-44:18
28            <action android:name="android.intent.action.VIEW" />
28-->[com.google.android.gms:play-services-ads-lite:23.2.0] AndroidManifest.xml:39:13-65
28-->[com.google.android.gms:play-services-ads-lite:23.2.0] AndroidManifest.xml:39:21-62
29
30            <category android:name="android.intent.category.BROWSABLE" />
30-->[com.google.android.gms:play-services-ads-lite:23.2.0] AndroidManifest.xml:41:13-74
30-->[com.google.android.gms:play-services-ads-lite:23.2.0] AndroidManifest.xml:41:23-71
31
32            <data android:scheme="https" />
32-->[com.google.android.gms:play-services-ads-lite:23.2.0] AndroidManifest.xml:43:13-44
32-->[com.google.android.gms:play-services-ads-lite:23.2.0] AndroidManifest.xml:43:19-41
33        </intent>
34        <!-- End of browser content -->
35        <!-- For CustomTabsService -->
36        <intent>
36-->[com.google.android.gms:play-services-ads-lite:23.2.0] AndroidManifest.xml:47:9-49:18
37            <action android:name="android.support.customtabs.action.CustomTabsService" />
37-->[com.google.android.gms:play-services-ads-lite:23.2.0] AndroidManifest.xml:48:13-90
37-->[com.google.android.gms:play-services-ads-lite:23.2.0] AndroidManifest.xml:48:21-87
38        </intent>
39        <!-- End of CustomTabsService -->
40    </queries>
41
42    <uses-permission android:name="android.permission.FOREGROUND_SERVICE" />
42-->[androidx.work:work-runtime:2.7.0] AndroidManifest.xml:28:5-77
42-->[androidx.work:work-runtime:2.7.0] AndroidManifest.xml:28:22-74
43
44    <permission
44-->[androidx.core:core:1.9.0] AndroidManifest.xml:22:5-24:47
45        android:name="com.marcaelistadecompras.DYNAMIC_RECEIVER_NOT_EXPORTED_PERMISSION"
45-->[androidx.core:core:1.9.0] AndroidManifest.xml:23:9-81
46        android:protectionLevel="signature" />
46-->[androidx.core:core:1.9.0] AndroidManifest.xml:24:9-44
47
48    <uses-permission android:name="com.marcaelistadecompras.DYNAMIC_RECEIVER_NOT_EXPORTED_PERMISSION" />
48-->[androidx.core:core:1.9.0] AndroidManifest.xml:26:5-97
48-->[androidx.core:core:1.9.0] AndroidManifest.xml:26:22-94
49
50    <application
50-->src/main/AndroidManifest.xml:6:5-26:19
51        android:name="com.marcaelistadecompras.MainApplication"
51-->src/main/AndroidManifest.xml:7:7-38
52        android:allowBackup="false"
52-->src/main/AndroidManifest.xml:11:7-34
53        android:appComponentFactory="androidx.core.app.CoreComponentFactory"
53-->[androidx.core:core:1.9.0] AndroidManifest.xml:28:18-86
54        android:debuggable="true"
55        android:extractNativeLibs="false"
56        android:icon="@mipmap/ic_launcher"
56-->src/main/AndroidManifest.xml:9:7-41
57        android:label="@string/app_name"
57-->src/main/AndroidManifest.xml:8:7-39
58        android:roundIcon="@mipmap/ic_launcher_round"
58-->src/main/AndroidManifest.xml:10:7-52
59        android:supportsRtl="true"
59-->src/main/AndroidManifest.xml:13:7-33
60        android:theme="@style/AppTheme"
60-->src/main/AndroidManifest.xml:12:7-38
61        android:usesCleartextTraffic="true" >
61-->src/debug/AndroidManifest.xml:6:9-44
62        <activity
62-->src/main/AndroidManifest.xml:14:7-25:18
63            android:name="com.marcaelistadecompras.MainActivity"
63-->src/main/AndroidManifest.xml:15:9-37
64            android:configChanges="keyboard|keyboardHidden|orientation|screenLayout|screenSize|smallestScreenSize|uiMode"
64-->src/main/AndroidManifest.xml:17:9-118
65            android:exported="true"
65-->src/main/AndroidManifest.xml:20:9-32
66            android:label="@string/app_name"
66-->src/main/AndroidManifest.xml:16:9-41
67            android:launchMode="singleTask"
67-->src/main/AndroidManifest.xml:18:9-40
68            android:windowSoftInputMode="adjustResize" >
68-->src/main/AndroidManifest.xml:19:9-51
69            <intent-filter>
69-->src/main/AndroidManifest.xml:21:9-24:25
70                <action android:name="android.intent.action.MAIN" />
70-->src/main/AndroidManifest.xml:22:13-65
70-->src/main/AndroidManifest.xml:22:21-62
71
72                <category android:name="android.intent.category.LAUNCHER" />
72-->src/main/AndroidManifest.xml:23:13-73
72-->src/main/AndroidManifest.xml:23:23-70
73            </intent-filter>
74        </activity>
75
76        <meta-data
76-->[:react-native-google-mobile-ads] AndroidManifest.xml:12:9-14:70
77            android:name="com.google.android.gms.ads.APPLICATION_ID"
77-->[:react-native-google-mobile-ads] AndroidManifest.xml:13:13-69
78            android:value="ca-app-pub-2244812374540628~4889742550" />
78-->[:react-native-google-mobile-ads] AndroidManifest.xml:14:13-67
79        <meta-data
79-->[:react-native-google-mobile-ads] AndroidManifest.xml:15:9-17:37
80            android:name="com.google.android.gms.ads.DELAY_APP_MEASUREMENT_INIT"
80-->[:react-native-google-mobile-ads] AndroidManifest.xml:16:13-81
81            android:value="false" />
81-->[:react-native-google-mobile-ads] AndroidManifest.xml:17:13-34
82        <meta-data
82-->[:react-native-google-mobile-ads] AndroidManifest.xml:18:9-20:36
83            android:name="com.google.android.gms.ads.flag.OPTIMIZE_INITIALIZATION"
83-->[:react-native-google-mobile-ads] AndroidManifest.xml:19:13-83
84            android:value="true" />
84-->[:react-native-google-mobile-ads] AndroidManifest.xml:20:13-33
85        <meta-data
85-->[:react-native-google-mobile-ads] AndroidManifest.xml:21:9-23:36
86            android:name="com.google.android.gms.ads.flag.OPTIMIZE_AD_LOADING"
86-->[:react-native-google-mobile-ads] AndroidManifest.xml:22:13-79
87            android:value="true" />
87-->[:react-native-google-mobile-ads] AndroidManifest.xml:23:13-33
88
89        <activity
89-->[com.facebook.react:react-android:0.75.4] AndroidManifest.xml:19:9-21:40
90            android:name="com.facebook.react.devsupport.DevSettingsActivity"
90-->[com.facebook.react:react-android:0.75.4] AndroidManifest.xml:20:13-77
91            android:exported="false" />
91-->[com.facebook.react:react-android:0.75.4] AndroidManifest.xml:21:13-37
92
93        <uses-library
93-->[androidx.privacysandbox.ads:ads-adservices:1.0.0-beta05] AndroidManifest.xml:23:9-25:40
94            android:name="android.ext.adservices"
94-->[androidx.privacysandbox.ads:ads-adservices:1.0.0-beta05] AndroidManifest.xml:24:13-50
95            android:required="false" /> <!-- Include the AdActivity and InAppPurchaseActivity configChanges and themes. -->
95-->[androidx.privacysandbox.ads:ads-adservices:1.0.0-beta05] AndroidManifest.xml:25:13-37
96        <activity
96-->[com.google.android.gms:play-services-ads-lite:23.2.0] AndroidManifest.xml:56:9-61:43
97            android:name="com.google.android.gms.ads.AdActivity"
97-->[com.google.android.gms:play-services-ads-lite:23.2.0] AndroidManifest.xml:57:13-65
98            android:configChanges="keyboard|keyboardHidden|orientation|screenLayout|uiMode|screenSize|smallestScreenSize"
98-->[com.google.android.gms:play-services-ads-lite:23.2.0] AndroidManifest.xml:58:13-122
99            android:exported="false"
99-->[com.google.android.gms:play-services-ads-lite:23.2.0] AndroidManifest.xml:59:13-37
100            android:theme="@android:style/Theme.Translucent" />
100-->[com.google.android.gms:play-services-ads-lite:23.2.0] AndroidManifest.xml:60:13-61
101
102        <provider
102-->[com.google.android.gms:play-services-ads-lite:23.2.0] AndroidManifest.xml:63:9-68:43
103            android:name="com.google.android.gms.ads.MobileAdsInitProvider"
103-->[com.google.android.gms:play-services-ads-lite:23.2.0] AndroidManifest.xml:64:13-76
104            android:authorities="com.marcaelistadecompras.mobileadsinitprovider"
104-->[com.google.android.gms:play-services-ads-lite:23.2.0] AndroidManifest.xml:65:13-73
105            android:exported="false"
105-->[com.google.android.gms:play-services-ads-lite:23.2.0] AndroidManifest.xml:66:13-37
106            android:initOrder="100" />
106-->[com.google.android.gms:play-services-ads-lite:23.2.0] AndroidManifest.xml:67:13-36
107
108        <service
108-->[com.google.android.gms:play-services-ads-lite:23.2.0] AndroidManifest.xml:70:9-74:43
109            android:name="com.google.android.gms.ads.AdService"
109-->[com.google.android.gms:play-services-ads-lite:23.2.0] AndroidManifest.xml:71:13-64
110            android:enabled="true"
110-->[com.google.android.gms:play-services-ads-lite:23.2.0] AndroidManifest.xml:72:13-35
111            android:exported="false" />
111-->[com.google.android.gms:play-services-ads-lite:23.2.0] AndroidManifest.xml:73:13-37
112
113        <activity
113-->[com.google.android.gms:play-services-ads-lite:23.2.0] AndroidManifest.xml:76:9-80:43
114            android:name="com.google.android.gms.ads.OutOfContextTestingActivity"
114-->[com.google.android.gms:play-services-ads-lite:23.2.0] AndroidManifest.xml:77:13-82
115            android:configChanges="keyboard|keyboardHidden|orientation|screenLayout|uiMode|screenSize|smallestScreenSize"
115-->[com.google.android.gms:play-services-ads-lite:23.2.0] AndroidManifest.xml:78:13-122
116            android:exported="false" />
116-->[com.google.android.gms:play-services-ads-lite:23.2.0] AndroidManifest.xml:79:13-37
117        <activity
117-->[com.google.android.gms:play-services-ads-lite:23.2.0] AndroidManifest.xml:81:9-88:43
118            android:name="com.google.android.gms.ads.NotificationHandlerActivity"
118-->[com.google.android.gms:play-services-ads-lite:23.2.0] AndroidManifest.xml:82:13-82
119            android:excludeFromRecents="true"
119-->[com.google.android.gms:play-services-ads-lite:23.2.0] AndroidManifest.xml:83:13-46
120            android:exported="false"
120-->[com.google.android.gms:play-services-ads-lite:23.2.0] AndroidManifest.xml:84:13-37
121            android:launchMode="singleTask"
121-->[com.google.android.gms:play-services-ads-lite:23.2.0] AndroidManifest.xml:85:13-44
122            android:taskAffinity=""
122-->[com.google.android.gms:play-services-ads-lite:23.2.0] AndroidManifest.xml:86:13-36
123            android:theme="@android:style/Theme.Translucent.NoTitleBar" />
123-->[com.google.android.gms:play-services-ads-lite:23.2.0] AndroidManifest.xml:87:13-72
124
125        <property
125-->[com.google.android.gms:play-services-ads-lite:23.2.0] AndroidManifest.xml:90:9-92:62
126            android:name="android.adservices.AD_SERVICES_CONFIG"
126-->[com.google.android.gms:play-services-ads-lite:23.2.0] AndroidManifest.xml:91:13-65
127            android:resource="@xml/gma_ad_services_config" />
127-->[com.google.android.gms:play-services-ads-lite:23.2.0] AndroidManifest.xml:92:13-59
128
129        <activity
129-->[com.google.android.gms:play-services-base:18.0.0] AndroidManifest.xml:20:9-22:45
130            android:name="com.google.android.gms.common.api.GoogleApiActivity"
130-->[com.google.android.gms:play-services-base:18.0.0] AndroidManifest.xml:20:19-85
131            android:exported="false"
131-->[com.google.android.gms:play-services-base:18.0.0] AndroidManifest.xml:22:19-43
132            android:theme="@android:style/Theme.Translucent.NoTitleBar" />
132-->[com.google.android.gms:play-services-base:18.0.0] AndroidManifest.xml:21:19-78
133
134        <meta-data
134-->[com.google.android.gms:play-services-basement:18.4.0] AndroidManifest.xml:6:9-122
135            android:name="com.google.android.gms.version"
135-->[com.google.android.gms:play-services-basement:18.4.0] AndroidManifest.xml:6:20-65
136            android:value="@integer/google_play_services_version" />
136-->[com.google.android.gms:play-services-basement:18.4.0] AndroidManifest.xml:6:66-119
137
138        <provider
138-->[androidx.emoji2:emoji2:1.2.0] AndroidManifest.xml:24:9-32:20
139            android:name="androidx.startup.InitializationProvider"
139-->[androidx.emoji2:emoji2:1.2.0] AndroidManifest.xml:25:13-67
140            android:authorities="com.marcaelistadecompras.androidx-startup"
140-->[androidx.emoji2:emoji2:1.2.0] AndroidManifest.xml:26:13-68
141            android:exported="false" >
141-->[androidx.emoji2:emoji2:1.2.0] AndroidManifest.xml:27:13-37
142            <meta-data
142-->[androidx.emoji2:emoji2:1.2.0] AndroidManifest.xml:29:13-31:52
143                android:name="androidx.emoji2.text.EmojiCompatInitializer"
143-->[androidx.emoji2:emoji2:1.2.0] AndroidManifest.xml:30:17-75
144                android:value="androidx.startup" />
144-->[androidx.emoji2:emoji2:1.2.0] AndroidManifest.xml:31:17-49
145            <meta-data
145-->[androidx.work:work-runtime:2.7.0] AndroidManifest.xml:36:13-38:52
146                android:name="androidx.work.WorkManagerInitializer"
146-->[androidx.work:work-runtime:2.7.0] AndroidManifest.xml:37:17-68
147                android:value="androidx.startup" />
147-->[androidx.work:work-runtime:2.7.0] AndroidManifest.xml:38:17-49
148            <meta-data
148-->[androidx.lifecycle:lifecycle-process:2.4.1] AndroidManifest.xml:31:13-33:52
149                android:name="androidx.lifecycle.ProcessLifecycleInitializer"
149-->[androidx.lifecycle:lifecycle-process:2.4.1] AndroidManifest.xml:32:17-78
150                android:value="androidx.startup" />
150-->[androidx.lifecycle:lifecycle-process:2.4.1] AndroidManifest.xml:33:17-49
151        </provider>
152
153        <service
153-->[androidx.work:work-runtime:2.7.0] AndroidManifest.xml:41:9-46:35
154            android:name="androidx.work.impl.background.systemalarm.SystemAlarmService"
154-->[androidx.work:work-runtime:2.7.0] AndroidManifest.xml:42:13-88
155            android:directBootAware="false"
155-->[androidx.work:work-runtime:2.7.0] AndroidManifest.xml:43:13-44
156            android:enabled="@bool/enable_system_alarm_service_default"
156-->[androidx.work:work-runtime:2.7.0] AndroidManifest.xml:44:13-72
157            android:exported="false" />
157-->[androidx.work:work-runtime:2.7.0] AndroidManifest.xml:45:13-37
158        <service
158-->[androidx.work:work-runtime:2.7.0] AndroidManifest.xml:47:9-53:35
159            android:name="androidx.work.impl.background.systemjob.SystemJobService"
159-->[androidx.work:work-runtime:2.7.0] AndroidManifest.xml:48:13-84
160            android:directBootAware="false"
160-->[androidx.work:work-runtime:2.7.0] AndroidManifest.xml:49:13-44
161            android:enabled="@bool/enable_system_job_service_default"
161-->[androidx.work:work-runtime:2.7.0] AndroidManifest.xml:50:13-70
162            android:exported="true"
162-->[androidx.work:work-runtime:2.7.0] AndroidManifest.xml:51:13-36
163            android:permission="android.permission.BIND_JOB_SERVICE" />
163-->[androidx.work:work-runtime:2.7.0] AndroidManifest.xml:52:13-69
164        <service
164-->[androidx.work:work-runtime:2.7.0] AndroidManifest.xml:54:9-59:35
165            android:name="androidx.work.impl.foreground.SystemForegroundService"
165-->[androidx.work:work-runtime:2.7.0] AndroidManifest.xml:55:13-81
166            android:directBootAware="false"
166-->[androidx.work:work-runtime:2.7.0] AndroidManifest.xml:56:13-44
167            android:enabled="@bool/enable_system_foreground_service_default"
167-->[androidx.work:work-runtime:2.7.0] AndroidManifest.xml:57:13-77
168            android:exported="false" />
168-->[androidx.work:work-runtime:2.7.0] AndroidManifest.xml:58:13-37
169
170        <receiver
170-->[androidx.work:work-runtime:2.7.0] AndroidManifest.xml:61:9-66:35
171            android:name="androidx.work.impl.utils.ForceStopRunnable$BroadcastReceiver"
171-->[androidx.work:work-runtime:2.7.0] AndroidManifest.xml:62:13-88
172            android:directBootAware="false"
172-->[androidx.work:work-runtime:2.7.0] AndroidManifest.xml:63:13-44
173            android:enabled="true"
173-->[androidx.work:work-runtime:2.7.0] AndroidManifest.xml:64:13-35
174            android:exported="false" />
174-->[androidx.work:work-runtime:2.7.0] AndroidManifest.xml:65:13-37
175        <receiver
175-->[androidx.work:work-runtime:2.7.0] AndroidManifest.xml:67:9-77:20
176            android:name="androidx.work.impl.background.systemalarm.ConstraintProxy$BatteryChargingProxy"
176-->[androidx.work:work-runtime:2.7.0] AndroidManifest.xml:68:13-106
177            android:directBootAware="false"
177-->[androidx.work:work-runtime:2.7.0] AndroidManifest.xml:69:13-44
178            android:enabled="false"
178-->[androidx.work:work-runtime:2.7.0] AndroidManifest.xml:70:13-36
179            android:exported="false" >
179-->[androidx.work:work-runtime:2.7.0] AndroidManifest.xml:71:13-37
180            <intent-filter>
180-->[androidx.work:work-runtime:2.7.0] AndroidManifest.xml:73:13-76:29
181                <action android:name="android.intent.action.ACTION_POWER_CONNECTED" />
181-->[androidx.work:work-runtime:2.7.0] AndroidManifest.xml:74:17-87
181-->[androidx.work:work-runtime:2.7.0] AndroidManifest.xml:74:25-84
182                <action android:name="android.intent.action.ACTION_POWER_DISCONNECTED" />
182-->[androidx.work:work-runtime:2.7.0] AndroidManifest.xml:75:17-90
182-->[androidx.work:work-runtime:2.7.0] AndroidManifest.xml:75:25-87
183            </intent-filter>
184        </receiver>
185        <receiver
185-->[androidx.work:work-runtime:2.7.0] AndroidManifest.xml:78:9-88:20
186            android:name="androidx.work.impl.background.systemalarm.ConstraintProxy$BatteryNotLowProxy"
186-->[androidx.work:work-runtime:2.7.0] AndroidManifest.xml:79:13-104
187            android:directBootAware="false"
187-->[androidx.work:work-runtime:2.7.0] AndroidManifest.xml:80:13-44
188            android:enabled="false"
188-->[androidx.work:work-runtime:2.7.0] AndroidManifest.xml:81:13-36
189            android:exported="false" >
189-->[androidx.work:work-runtime:2.7.0] AndroidManifest.xml:82:13-37
190            <intent-filter>
190-->[androidx.work:work-runtime:2.7.0] AndroidManifest.xml:84:13-87:29
191                <action android:name="android.intent.action.BATTERY_OKAY" />
191-->[androidx.work:work-runtime:2.7.0] AndroidManifest.xml:85:17-77
191-->[androidx.work:work-runtime:2.7.0] AndroidManifest.xml:85:25-74
192                <action android:name="android.intent.action.BATTERY_LOW" />
192-->[androidx.work:work-runtime:2.7.0] AndroidManifest.xml:86:17-76
192-->[androidx.work:work-runtime:2.7.0] AndroidManifest.xml:86:25-73
193            </intent-filter>
194        </receiver>
195        <receiver
195-->[androidx.work:work-runtime:2.7.0] AndroidManifest.xml:89:9-99:20
196            android:name="androidx.work.impl.background.systemalarm.ConstraintProxy$StorageNotLowProxy"
196-->[androidx.work:work-runtime:2.7.0] AndroidManifest.xml:90:13-104
197            android:directBootAware="false"
197-->[androidx.work:work-runtime:2.7.0] AndroidManifest.xml:91:13-44
198            android:enabled="false"
198-->[androidx.work:work-runtime:2.7.0] AndroidManifest.xml:92:13-36
199            android:exported="false" >
199-->[androidx.work:work-runtime:2.7.0] AndroidManifest.xml:93:13-37
200            <intent-filter>
200-->[androidx.work:work-runtime:2.7.0] AndroidManifest.xml:95:13-98:29
201                <action android:name="android.intent.action.DEVICE_STORAGE_LOW" />
201-->[androidx.work:work-runtime:2.7.0] AndroidManifest.xml:96:17-83
201-->[androidx.work:work-runtime:2.7.0] AndroidManifest.xml:96:25-80
202                <action android:name="android.intent.action.DEVICE_STORAGE_OK" />
202-->[androidx.work:work-runtime:2.7.0] AndroidManifest.xml:97:17-82
202-->[androidx.work:work-runtime:2.7.0] AndroidManifest.xml:97:25-79
203            </intent-filter>
204        </receiver>
205        <receiver
205-->[androidx.work:work-runtime:2.7.0] AndroidManifest.xml:100:9-109:20
206            android:name="androidx.work.impl.background.systemalarm.ConstraintProxy$NetworkStateProxy"
206-->[androidx.work:work-runtime:2.7.0] AndroidManifest.xml:101:13-103
207            android:directBootAware="false"
207-->[androidx.work:work-runtime:2.7.0] AndroidManifest.xml:102:13-44
208            android:enabled="false"
208-->[androidx.work:work-runtime:2.7.0] AndroidManifest.xml:103:13-36
209            android:exported="false" >
209-->[androidx.work:work-runtime:2.7.0] AndroidManifest.xml:104:13-37
210            <intent-filter>
210-->[androidx.work:work-runtime:2.7.0] AndroidManifest.xml:106:13-108:29
211                <action android:name="android.net.conn.CONNECTIVITY_CHANGE" />
211-->[androidx.work:work-runtime:2.7.0] AndroidManifest.xml:107:17-79
211-->[androidx.work:work-runtime:2.7.0] AndroidManifest.xml:107:25-76
212            </intent-filter>
213        </receiver>
214        <receiver
214-->[androidx.work:work-runtime:2.7.0] AndroidManifest.xml:110:9-121:20
215            android:name="androidx.work.impl.background.systemalarm.RescheduleReceiver"
215-->[androidx.work:work-runtime:2.7.0] AndroidManifest.xml:111:13-88
216            android:directBootAware="false"
216-->[androidx.work:work-runtime:2.7.0] AndroidManifest.xml:112:13-44
217            android:enabled="false"
217-->[androidx.work:work-runtime:2.7.0] AndroidManifest.xml:113:13-36
218            android:exported="false" >
218-->[androidx.work:work-runtime:2.7.0] AndroidManifest.xml:114:13-37
219            <intent-filter>
219-->[androidx.work:work-runtime:2.7.0] AndroidManifest.xml:116:13-120:29
220                <action android:name="android.intent.action.BOOT_COMPLETED" />
220-->[androidx.work:work-runtime:2.7.0] AndroidManifest.xml:117:17-79
220-->[androidx.work:work-runtime:2.7.0] AndroidManifest.xml:117:25-76
221                <action android:name="android.intent.action.TIME_SET" />
221-->[androidx.work:work-runtime:2.7.0] AndroidManifest.xml:118:17-73
221-->[androidx.work:work-runtime:2.7.0] AndroidManifest.xml:118:25-70
222                <action android:name="android.intent.action.TIMEZONE_CHANGED" />
222-->[androidx.work:work-runtime:2.7.0] AndroidManifest.xml:119:17-81
222-->[androidx.work:work-runtime:2.7.0] AndroidManifest.xml:119:25-78
223            </intent-filter>
224        </receiver>
225        <receiver
225-->[androidx.work:work-runtime:2.7.0] AndroidManifest.xml:122:9-131:20
226            android:name="androidx.work.impl.background.systemalarm.ConstraintProxyUpdateReceiver"
226-->[androidx.work:work-runtime:2.7.0] AndroidManifest.xml:123:13-99
227            android:directBootAware="false"
227-->[androidx.work:work-runtime:2.7.0] AndroidManifest.xml:124:13-44
228            android:enabled="@bool/enable_system_alarm_service_default"
228-->[androidx.work:work-runtime:2.7.0] AndroidManifest.xml:125:13-72
229            android:exported="false" >
229-->[androidx.work:work-runtime:2.7.0] AndroidManifest.xml:126:13-37
230            <intent-filter>
230-->[androidx.work:work-runtime:2.7.0] AndroidManifest.xml:128:13-130:29
231                <action android:name="androidx.work.impl.background.systemalarm.UpdateProxies" />
231-->[androidx.work:work-runtime:2.7.0] AndroidManifest.xml:129:17-98
231-->[androidx.work:work-runtime:2.7.0] AndroidManifest.xml:129:25-95
232            </intent-filter>
233        </receiver>
234        <receiver
234-->[androidx.work:work-runtime:2.7.0] AndroidManifest.xml:132:9-142:20
235            android:name="androidx.work.impl.diagnostics.DiagnosticsReceiver"
235-->[androidx.work:work-runtime:2.7.0] AndroidManifest.xml:133:13-78
236            android:directBootAware="false"
236-->[androidx.work:work-runtime:2.7.0] AndroidManifest.xml:134:13-44
237            android:enabled="true"
237-->[androidx.work:work-runtime:2.7.0] AndroidManifest.xml:135:13-35
238            android:exported="true"
238-->[androidx.work:work-runtime:2.7.0] AndroidManifest.xml:136:13-36
239            android:permission="android.permission.DUMP" >
239-->[androidx.work:work-runtime:2.7.0] AndroidManifest.xml:137:13-57
240            <intent-filter>
240-->[androidx.work:work-runtime:2.7.0] AndroidManifest.xml:139:13-141:29
241                <action android:name="androidx.work.diagnostics.REQUEST_DIAGNOSTICS" />
241-->[androidx.work:work-runtime:2.7.0] AndroidManifest.xml:140:17-88
241-->[androidx.work:work-runtime:2.7.0] AndroidManifest.xml:140:25-85
242            </intent-filter>
243        </receiver>
244
245        <service
245-->[androidx.room:room-runtime:2.2.5] AndroidManifest.xml:25:9-28:40
246            android:name="androidx.room.MultiInstanceInvalidationService"
246-->[androidx.room:room-runtime:2.2.5] AndroidManifest.xml:26:13-74
247            android:directBootAware="true"
247-->[androidx.room:room-runtime:2.2.5] AndroidManifest.xml:27:13-43
248            android:exported="false" />
248-->[androidx.room:room-runtime:2.2.5] AndroidManifest.xml:28:13-37
249
250        <meta-data
250-->[com.facebook.soloader:soloader:0.11.0] AndroidManifest.xml:12:9-14:37
251            android:name="com.facebook.soloader.enabled"
251-->[com.facebook.soloader:soloader:0.11.0] AndroidManifest.xml:13:13-57
252            android:value="false" />
252-->[com.facebook.soloader:soloader:0.11.0] AndroidManifest.xml:14:13-34
253    </application>
254
255</manifest>